<?xml version="1.0" encoding="UTF-8"?>
<!-- Generated by org.testng.reporters.JUnitXMLReporter -->
<testsuite ignored="0" hostname="LAPTOP-G4CGNTVT" failures="0" tests="6" name="Default test" time="3.262" errors="0" timestamp="2023-01-26T22:31:23 IST">
  <testcase classname="takeScreenshotDynamic.BaseTest" name="fail" time="0.009"/>
  <testcase classname="takeScreenshotDynamic.BaseTest" name="initialization" time="1.981"/>
  <testcase classname="takeScreenshotDynamic.Test1" name="f" time="0.006"/>
  <testcase classname="takeScreenshotDynamic.Test1" name="f1" time="0.002"/>
  <testcase classname="takeScreenshotDynamic.BaseTest" name="fail" time="0.003"/>
  <testcase classname="takeScreenshotDynamic.BaseTest" name="initialization" time="1.193"/>
</testsuite> <!-- Default test -->
