<?xml version="1.0" encoding="UTF-8"?>
<!-- Generated by org.testng.reporters.JUnitXMLReporter -->
<testsuite ignored="0" hostname="LAPTOP-G4CGNTVT" failures="0" tests="4" name="Test222" time="23.023" errors="0" timestamp="2023-01-20T14:03:57 IST">
  <testcase classname="testNGpack2.Class1" name="sql" time="6.657"/>
  <testcase classname="testNGpack2.Class3" name="java" time="5.936"/>
  <testcase classname="testNGpack2.Class2" name="manualTesting" time="4.749"/>
  <testcase classname="testNGpack2.Class4" name="selenium" time="5.619"/>
</testsuite> <!-- Test222 -->
