<?xml version="1.0" encoding="UTF-8"?>
<!-- Generated by org.testng.reporters.JUnitXMLReporter -->
<testsuite ignored="0" hostname="LAPTOP-G4CGNTVT" failures="1" tests="3" name="Test" time="0.074" errors="0" timestamp="2023-01-24T14:50:20 IST">
  <testcase classname="testNG4.BaseTest" name="setup" time="0.009"/>
  <testcase classname="testNG4.BaseTest" name="setup" time="0.001"/>
  <testcase classname="testNG4.TestValidLogin2" name="method1" time="0.0">
    <failure type="org.testng.TestNGException" message="
Cannot inject @Test annotated Method [method1] with [class java.lang.String, class java.lang.String, class java.lang.String, class java.lang.String].
For more information on native dependency injection please refer to https://testng.org/doc/documentation-main.html#native-dependency-injection">
      <![CDATA[org.testng.TestNGException: 
Cannot inject @Test annotated Method [method1] with [class java.lang.String, class java.lang.String, class java.lang.String, class java.lang.String].
For more information on native dependency injection please refer to https://testng.org/doc/documentation-main.html#native-dependency-injection
at java.base/java.util.ArrayList.forEach(ArrayList.java:1511)
... Removed 26 stack frames]]>
    </failure>
  </testcase> <!-- method1 -->
</testsuite> <!-- Test -->
