<?xml version="1.0" encoding="UTF-8"?>
<testng-results ignored="0" total="6" passed="6" failed="0" skipped="0">
  <reporter-output>
    <line>
      <![CDATA[This is method 1]]>
    </line>
    <line>
      <![CDATA[This is method  2]]>
    </line>
  </reporter-output>
  <suite started-at="2023-01-26T22:31:20 IST" name="Default suite" finished-at="2023-01-26T22:31:23 IST" duration-ms="3262">
    <groups>
    </groups>
    <test started-at="2023-01-26T22:31:20 IST" name="Default test" finished-at="2023-01-26T22:31:23 IST" duration-ms="3262">
      <class name="takeScreenshotDynamic.Test1">
        <test-method signature="fail()[pri:0, instance:takeScreenshotDynamic.Test1@4ddced80]" started-at="2023-01-26T22:31:20 IST" name="fail" finished-at="2023-01-26T22:31:20 IST" duration-ms="9" status="PASS">
          <reporter-output>
          </reporter-output>
        </test-method> <!-- fail -->
        <test-method signature="initialization()[pri:0, instance:takeScreenshotDynamic.Test1@4ddced80]" started-at="2023-01-26T22:31:20 IST" name="initialization" finished-at="2023-01-26T22:31:22 IST" duration-ms="1981" status="PASS">
          <reporter-output>
          </reporter-output>
        </test-method> <!-- initialization -->
        <test-method signature="f()[pri:1, instance:takeScreenshotDynamic.Test1@4ddced80]" started-at="2023-01-26T22:31:22 IST" name="f" finished-at="2023-01-26T22:31:22 IST" duration-ms="6" status="PASS">
          <reporter-output>
            <line>
              <![CDATA[This is method 1]]>
            </line>
          </reporter-output>
        </test-method> <!-- f -->
        <test-method signature="f1()[pri:0, instance:takeScreenshotDynamic.Test1@4ddced80]" started-at="2023-01-26T22:31:22 IST" name="f1" finished-at="2023-01-26T22:31:22 IST" depends-on-methods="takeScreenshotDynamic.Test1.f" duration-ms="2" status="PASS">
          <reporter-output>
            <line>
              <![CDATA[This is method  2]]>
            </line>
          </reporter-output>
        </test-method> <!-- f1 -->
      </class> <!-- takeScreenshotDynamic.Test1 -->
      <class name="takeScreenshotDynamic.BaseTest">
        <test-method signature="fail()[pri:0, instance:takeScreenshotDynamic.BaseTest@1c93084c]" started-at="2023-01-26T22:31:22 IST" name="fail" finished-at="2023-01-26T22:31:22 IST" duration-ms="3" status="PASS">
          <reporter-output>
          </reporter-output>
        </test-method> <!-- fail -->
        <test-method signature="initialization()[pri:0, instance:takeScreenshotDynamic.BaseTest@1c93084c]" started-at="2023-01-26T22:31:22 IST" name="initialization" finished-at="2023-01-26T22:31:23 IST" duration-ms="1193" status="PASS">
          <reporter-output>
          </reporter-output>
        </test-method> <!-- initialization -->
      </class> <!-- takeScreenshotDynamic.BaseTest -->
    </test> <!-- Default test -->
  </suite> <!-- Default suite -->
</testng-results>
